<?xml version="1.0" encoding="UTF-8"?>
<!-- Generated by org.testng.reporters.JUnitReportReporter -->
<testsuite hostname="LAPTOP-KLEB0GDL" failures="0" tests="4" name="tests.GanaMovilEmpresaPageTest" time="6.145" errors="0" timestamp="2023-08-29T05:04:45 BOT" skipped="0">
  <testcase classname="tests.GanaMovilEmpresaPageTest" name="testStep_3" time="0.020"/>
  <system-out/>
  <testcase classname="tests.GanaMovilEmpresaPageTest" name="testStep_4" time="0.012"/>
  <system-out/>
  <testcase classname="tests.GanaMovilEmpresaPageTest" name="testStep_2" time="5.944"/>
  <system-out/>
  <testcase classname="tests.GanaMovilEmpresaPageTest" name="testStep_1" time="0.169"/>
  <system-out/>
</testsuite> <!-- tests.GanaMovilEmpresaPageTest -->
